This is pdfTeX, Version 3.14159265-2.6-1.40.21 (TeX Live 2020/W32TeX) (preloaded format=pdflatex 2020.11.4)  23 FEB 2021 08:22
entering extended mode
 restricted \write18 enabled.
 %&-line parsing enabled.
**CMP_SSP.tex
(./CMP_SSP.tex
LaTeX2e <2020-10-01> patch level 2
L3 programming layer <2020-10-27> xparse <2020-03-03>
(c:/texlive/2020/texmf-dist/tex/latex/base/article.cls
Document Class: article 2020/04/10 v1.4m Standard LaTeX document class
(c:/texlive/2020/texmf-dist/tex/latex/base/size10.clo
File: size10.clo 2020/04/10 v1.4m Standard LaTeX file (size option)
)
\c@part=\count175
\c@section=\count176
\c@subsection=\count177
\c@subsubsection=\count178
\c@paragraph=\count179
\c@subparagraph=\count180
\c@figure=\count181
\c@table=\count182
\abovecaptionskip=\skip47
\belowcaptionskip=\skip48
\bibindent=\dimen138
)
(c:/texlive/2020/texmf-dist/tex/latex/amsmath/amsmath.sty
Package: amsmath 2020/09/23 v2.17i AMS math features
\@mathmargin=\skip49

For additional information on amsmath, use the `?' option.
(c:/texlive/2020/texmf-dist/tex/latex/amsmath/amstext.sty
Package: amstext 2000/06/29 v2.01 AMS text

(c:/texlive/2020/texmf-dist/tex/latex/amsmath/amsgen.sty
File: amsgen.sty 1999/11/30 v2.0 generic functions
\@emptytoks=\toks15
\ex@=\dimen139
))
(c:/texlive/2020/texmf-dist/tex/latex/amsmath/amsbsy.sty
Package: amsbsy 1999/11/29 v1.2d Bold Symbols
\pmbraise@=\dimen140
)
(c:/texlive/2020/texmf-dist/tex/latex/amsmath/amsopn.sty
Package: amsopn 2016/03/08 v2.02 operator names
)
\inf@bad=\count183
LaTeX Info: Redefining \frac on input line 234.
\uproot@=\count184
\leftroot@=\count185
LaTeX Info: Redefining \overline on input line 399.
\classnum@=\count186
\DOTSCASE@=\count187
LaTeX Info: Redefining \ldots on input line 496.
LaTeX Info: Redefining \dots on input line 499.
LaTeX Info: Redefining \cdots on input line 620.
\Mathstrutbox@=\box47
\strutbox@=\box48
\big@size=\dimen141
LaTeX Font Info:    Redeclaring font encoding OML on input line 743.
LaTeX Font Info:    Redeclaring font encoding OMS on input line 744.
\macc@depth=\count188
\c@MaxMatrixCols=\count189
\dotsspace@=\muskip16
\c@parentequation=\count190
\dspbrk@lvl=\count191
\tag@help=\toks16
\row@=\count192
\column@=\count193
\maxfields@=\count194
\andhelp@=\toks17
\eqnshift@=\dimen142
\alignsep@=\dimen143
\tagshift@=\dimen144
\tagwidth@=\dimen145
\totwidth@=\dimen146
\lineht@=\dimen147
\@envbody=\toks18
\multlinegap=\skip50
\multlinetaggap=\skip51
\mathdisplay@stack=\toks19
LaTeX Info: Redefining \[ on input line 2923.
LaTeX Info: Redefining \] on input line 2924.
)
(c:/texlive/2020/texmf-dist/tex/latex/l3backend/l3backend-pdftex.def
File: l3backend-pdftex.def 2020-09-24 L3 backend support: PDF output (pdfTeX)
\l__kernel_color_stack_int=\count195
\l__pdf_internal_box=\box49
)
(./CMP_SSP.aux)
\openout1 = `CMP_SSP.aux'.

LaTeX Font Info:    Checking defaults for OML/cmm/m/it on input line 4.
LaTeX Font Info:    ... okay on input line 4.
LaTeX Font Info:    Checking defaults for OMS/cmsy/m/n on input line 4.
LaTeX Font Info:    ... okay on input line 4.
LaTeX Font Info:    Checking defaults for OT1/cmr/m/n on input line 4.
LaTeX Font Info:    ... okay on input line 4.
LaTeX Font Info:    Checking defaults for T1/cmr/m/n on input line 4.
LaTeX Font Info:    ... okay on input line 4.
LaTeX Font Info:    Checking defaults for TS1/cmr/m/n on input line 4.
LaTeX Font Info:    ... okay on input line 4.
LaTeX Font Info:    Checking defaults for OMX/cmex/m/n on input line 4.
LaTeX Font Info:    ... okay on input line 4.
LaTeX Font Info:    Checking defaults for U/cmr/m/n on input line 4.
LaTeX Font Info:    ... okay on input line 4.

Overfull \hbox (16.92793pt too wide) in paragraph at lines 6--6
[]\OT1/cmr/bx/n/14.4 Conway-Maxwell Pois-son (COM-Poisson, CMP)
 []


Underfull \hbox (badness 10000) in paragraph at lines 10--14

 []


Underfull \hbox (badness 10000) in paragraph at lines 22--27

 []


Overfull \hbox (23.06503pt too wide) in paragraph at lines 29--31
\OT1/cmr/m/n/10 Since $\OML/cmm/m/it/10 E\OT1/cmr/m/n/10 (\OML/cmm/m/it/10 Y[]\
OT1/cmr/m/n/10 ) = []$, $\OML/cmm/m/it/10 Var\OT1/cmr/m/n/10 (\OML/cmm/m/it/10 
Y[]\OT1/cmr/m/n/10 ) = []$, $\OML/cmm/m/it/10 E\OT1/cmr/m/n/10 (\OML/cmm/m/it/1
0 log\OT1/cmr/m/n/10 (\OML/cmm/m/it/10 Y[]\OT1/cmr/m/n/10 !)) = \OMS/cmsy/m/n/1
0 ^^@[]$\OT1/cmr/m/n/10 , $\OML/cmm/m/it/10 Var\OT1/cmr/m/n/10 (\OML/cmm/m/it/1
0 log\OT1/cmr/m/n/10 (\OML/cmm/m/it/10 Y[]\OT1/cmr/m/n/10 !)) =
 []


Underfull \hbox (badness 10000) in paragraph at lines 45--52

 []


Underfull \hbox (badness 10000) in paragraph at lines 45--52

 []

[1

{c:/texlive/2020/texmf-var/fonts/map/pdftex/updmap/pdftex.map}]
Overfull \hbox (39.49654pt too wide) detected at line 66
[] \OT1/cmr/m/n/10 = []
 []


Overfull \hbox (7.02527pt too wide) in paragraph at lines 74--77
[]\OT1/cmr/m/n/10 To sim-plify no-ta-tions, de-note $\OML/cmm/m/it/10 E\OT1/cmr
/m/n/10 (\OML/cmm/m/it/10 Y[]\OMS/cmsy/m/n/10 j[]\OML/cmm/m/it/10 ; []; []\OT1/
cmr/m/n/10 ) = \OML/cmm/m/it/10 E[]\OT1/cmr/m/n/10 (\OML/cmm/m/it/10 Y[]\OMS/cm
sy/m/n/10 j[]\OT1/cmr/m/n/10 )$ and $\OML/cmm/m/it/10 E\OT1/cmr/m/n/10 (\OML/cm
m/m/it/10 Y[]\OMS/cmsy/m/n/10 j[]\OML/cmm/m/it/10 ; []; []\OT1/cmr/m/n/10 ) =
 []


Overfull \hbox (24.55602pt too wide) detected at line 81
[][] \OT1/cmr/m/n/10 = [] [] [] [] = [] [] [][]
 []


Underfull \hbox (badness 10000) in paragraph at lines 81--86

 []

[2]
Overfull \hbox (11.29564pt too wide) detected at line 117
[]
 []


Underfull \hbox (badness 10000) in paragraph at lines 117--122

 []


Underfull \hbox (badness 10000) in paragraph at lines 124--127

 []

[3]
Overfull \hbox (119.11339pt too wide) in paragraph at lines 169--175
\OT1/cmr/m/n/10 By equal-ity con-di-tion for Cauchy-Schwartz in-equal-ity, $\OM
L/cmm/m/it/10 ^^Y[] \OMS/cmsy/m/n/10 / jj [] jj$
 []

[4] (./CMP_SSP.aux) ) 
Here is how much of TeX's memory you used:
 1042 strings out of 479485
 14385 string characters out of 5875916
 303719 words of memory out of 5000000
 18106 multiletter control sequences out of 15000+600000
 539509 words of font info for 44 fonts, out of 8000000 for 9000
 1141 hyphenation exceptions out of 8191
 65i,18n,72p,638b,214s stack positions out of 5000i,500n,10000p,200000b,80000s
<c:/texlive/2020/texmf-dist/fonts/type1/public/amsfonts/cm
extra/cmbsy7.pfb><c:/texlive/2020/texmf-dist/fonts/type1/public/amsfonts/cm/cmb
x10.pfb><c:/texlive/2020/texmf-dist/fonts/type1/public/amsfonts/cm/cmbx12.pfb><
c:/texlive/2020/texmf-dist/fonts/type1/public/amsfonts/cm/cmex10.pfb><c:/texliv
e/2020/texmf-dist/fonts/type1/public/amsfonts/cm/cmmi10.pfb><c:/texlive/2020/te
xmf-dist/fonts/type1/public/amsfonts/cm/cmmi5.pfb><c:/texlive/2020/texmf-dist/f
onts/type1/public/amsfonts/cm/cmmi7.pfb><c:/texlive/2020/texmf-dist/fonts/type1
/public/amsfonts/cm/cmmib10.pfb><c:/texlive/2020/texmf-dist/fonts/type1/public/
amsfonts/cmextra/cmmib7.pfb><c:/texlive/2020/texmf-dist/fonts/type1/public/amsf
onts/cm/cmr10.pfb><c:/texlive/2020/texmf-dist/fonts/type1/public/amsfonts/cm/cm
r5.pfb><c:/texlive/2020/texmf-dist/fonts/type1/public/amsfonts/cm/cmr7.pfb><c:/
texlive/2020/texmf-dist/fonts/type1/public/amsfonts/cm/cmsy10.pfb><c:/texlive/2
020/texmf-dist/fonts/type1/public/amsfonts/cm/cmsy7.pfb>
Output written on CMP_SSP.pdf (4 pages, 148780 bytes).
PDF statistics:
 73 PDF objects out of 1000 (max. 8388607)
 52 compressed objects within 1 object stream
 0 named destinations out of 1000 (max. 500000)
 1 words of extra memory for PDF output out of 10000 (max. 10000000)

